<?xml version="1.0" encoding="UTF-8"?>
<!-- Generated by org.testng.reporters.JUnitXMLReporter -->
<testsuite ignored="0" hostname="QT-INHD-LT0401" failures="0" tests="7" name="Default test" time="32.11" errors="0" timestamp="2022-11-23T22:24:14 IST">
  <testcase classname="TestCases.AmazonAppTestCases" name="setBrowserrr" time="11.45"/>
  <testcase classname="TestCases.AmazonAppTestCases" name="testdriver1" time="0.005"/>
  <testcase classname="TestCases.AmazonAppTestCases" name="verifyLoginPage" time="1.393"/>
  <testcase classname="TestCases.AmazonAppTestCases" name="verifyHomePage" time="4.037"/>
  <testcase classname="TestCases.AmazonAppTestCases" name="selectitem" time="0.172"/>
  <testcase classname="TestCases.AmazonAppTestCases" name="addcart" time="10.358"/>
  <testcase classname="TestCases.AmazonAppTestCases" name="proceedtoBuy" time="4.512"/>
</testsuite> <!-- Default test -->
