<?xml version="1.0" encoding="UTF-8"?>
<testng-results ignored="0" total="7" passed="7" failed="0" skipped="0">
  <reporter-output>
  </reporter-output>
  <suite started-at="2022-11-23T22:23:42 IST" name="Default suite" finished-at="2022-11-23T22:24:14 IST" duration-ms="32110">
    <groups>
    </groups>
    <test started-at="2022-11-23T22:23:42 IST" name="Default test" finished-at="2022-11-23T22:24:14 IST" duration-ms="32110">
      <class name="TestCases.AmazonAppTestCases">
        <test-method is-config="true" signature="testdriver()[pri:0, instance:TestCases.AmazonAppTestCases@c430e6c]" started-at="2022-11-23T22:23:42 IST" name="testdriver" finished-at="2022-11-23T22:23:42 IST" duration-ms="18" status="PASS">
          <reporter-output>
          </reporter-output>
        </test-method> <!-- testdriver -->
        <test-method signature="setBrowserrr()[pri:0, instance:TestCases.AmazonAppTestCases@c430e6c]" started-at="2022-11-23T22:23:42 IST" name="setBrowserrr" finished-at="2022-11-23T22:23:54 IST" duration-ms="11450" status="PASS">
          <reporter-output>
          </reporter-output>
        </test-method> <!-- setBrowserrr -->
        <test-method signature="testdriver1()[pri:1, instance:TestCases.AmazonAppTestCases@c430e6c]" started-at="2022-11-23T22:23:54 IST" name="testdriver1" finished-at="2022-11-23T22:23:54 IST" duration-ms="5" status="PASS">
          <reporter-output>
          </reporter-output>
        </test-method> <!-- testdriver1 -->
        <test-method signature="verifyLoginPage()[pri:2, instance:TestCases.AmazonAppTestCases@c430e6c]" started-at="2022-11-23T22:23:54 IST" name="verifyLoginPage" finished-at="2022-11-23T22:23:55 IST" duration-ms="1393" status="PASS">
          <reporter-output>
          </reporter-output>
        </test-method> <!-- verifyLoginPage -->
        <test-method signature="verifyHomePage()[pri:3, instance:TestCases.AmazonAppTestCases@c430e6c]" started-at="2022-11-23T22:23:55 IST" name="verifyHomePage" finished-at="2022-11-23T22:23:59 IST" duration-ms="4037" status="PASS">
          <reporter-output>
          </reporter-output>
        </test-method> <!-- verifyHomePage -->
        <test-method signature="selectitem()[pri:4, instance:TestCases.AmazonAppTestCases@c430e6c]" started-at="2022-11-23T22:23:59 IST" name="selectitem" finished-at="2022-11-23T22:23:59 IST" duration-ms="172" status="PASS">
          <reporter-output>
          </reporter-output>
        </test-method> <!-- selectitem -->
        <test-method signature="addcart()[pri:5, instance:TestCases.AmazonAppTestCases@c430e6c]" started-at="2022-11-23T22:23:59 IST" name="addcart" finished-at="2022-11-23T22:24:10 IST" duration-ms="10358" status="PASS">
          <reporter-output>
          </reporter-output>
        </test-method> <!-- addcart -->
        <test-method signature="proceedtoBuy()[pri:6, instance:TestCases.AmazonAppTestCases@c430e6c]" started-at="2022-11-23T22:24:10 IST" name="proceedtoBuy" finished-at="2022-11-23T22:24:14 IST" duration-ms="4512" status="PASS">
          <reporter-output>
          </reporter-output>
        </test-method> <!-- proceedtoBuy -->
        <test-method is-config="true" signature="teardown()[pri:0, instance:TestCases.AmazonAppTestCases@c430e6c]" started-at="2022-11-23T22:24:14 IST" name="teardown" finished-at="2022-11-23T22:24:14 IST" duration-ms="3" status="PASS">
          <reporter-output>
          </reporter-output>
        </test-method> <!-- teardown -->
      </class> <!-- TestCases.AmazonAppTestCases -->
    </test> <!-- Default test -->
  </suite> <!-- Default suite -->
</testng-results>
