<?xml version="1.0" encoding="UTF-8"?>
<!-- Generated by org.testng.reporters.JUnitXMLReporter -->
<testsuite ignored="0" hostname="QT-INHD-LT0401" failures="0" tests="2" name="Test" time="3.617" errors="0" timestamp="2022-11-24T23:33:19 IST">
  <testcase classname="GridTcases.GridTestCases" name="@BeforeTest setup" time="3.556">
    <failure type="java.lang.AssertionError" message="The expected title should not match with Expected: 
login
Actual:  expected [] but found [login]">
      <![CDATA[java.lang.AssertionError: The expected title should not match with Expected: 
login
Actual:  expected [] but found [login]
at GridTcases.GridTestCases.setup(GridTestCases.java:28)
... Removed 27 stack frames]]>
    </failure>
  </testcase> <!-- @BeforeTest setup -->
  <testcase classname="GridTcases.GridTestCases" name="@AfterTest teardown" time="-1.669312999005E9">
    <skipped/>
  </testcase> <!-- @AfterTest teardown -->
  <testcase classname="GridTcases.GridTestCases" name="googleSearchPage" time="0.0">
    <skipped/>
  </testcase> <!-- googleSearchPage -->
  <testcase classname="GridTcases.GridTestCases" name="Instagrampage" time="0.0">
    <skipped/>
  </testcase> <!-- Instagrampage -->
</testsuite> <!-- Test -->
